<?xml version="1.0" encoding="UTF-8"?>
<!-- Generated by org.testng.reporters.JUnitReportReporter -->
<testsuite skipped="0" hostname="DESKTOP-0AA0O4F" name="com.maven.git.jenkins.test_01" tests="1" failures="0" timestamp="11 May 2019 04:40:19 GMT" time="6.404" errors="0">
  <testcase name="run" time="6.404" classname="com.maven.git.jenkins.test_01"/>
</testsuite> <!-- com.maven.git.jenkins.test_01 -->
